2021-04-17 22:12:23.353 [main] INFO  org.springframework.test.context.support.DefaultTestContextBootstrapper(248) - Loaded default TestExecutionListener class names from location [META-INF/spring.factories]: [org.springframework.test.context.web.ServletTestExecutionListener, org.springframework.test.context.support.DirtiesContextBeforeModesTestExecutionListener, org.springframework.test.context.support.DependencyInjectionTestExecutionListener, org.springframework.test.context.support.DirtiesContextTestExecutionListener, org.springframework.test.context.transaction.TransactionalTestExecutionListener, org.springframework.test.context.jdbc.SqlScriptsTestExecutionListener, org.springframework.test.context.event.EventPublishingTestExecutionListener]
2021-04-17 22:12:23.382 [main] INFO  org.springframework.test.context.support.DefaultTestContextBootstrapper(177) - Using TestExecutionListeners: [org.springframework.test.context.web.ServletTestExecutionListener@655ef322, org.springframework.test.context.support.DirtiesContextBeforeModesTestExecutionListener@7e276594, org.springframework.test.context.support.DependencyInjectionTestExecutionListener@3401a114, org.springframework.test.context.support.DirtiesContextTestExecutionListener@5066d65f, org.springframework.test.context.transaction.TransactionalTestExecutionListener@4233e892, org.springframework.test.context.jdbc.SqlScriptsTestExecutionListener@77d2e85, org.springframework.test.context.event.EventPublishingTestExecutionListener@3ecd267f]
2021-04-17 22:27:24.118 [RMI TCP Connection(2)-127.0.0.1] INFO  org.springframework.web.servlet.DispatcherServlet(525) - Initializing Servlet 'dispatcherServlet'
2021-04-17 22:27:24.784 [RMI TCP Connection(2)-127.0.0.1] WARN  org.springframework.web.context.support.XmlWebApplicationContext(559) - Exception encountered during context initialization - cancelling refresh attempt: org.springframework.beans.factory.BeanCreationException: Error creating bean with name 'multipartResolver': Lookup method resolution failed; nested exception is java.lang.IllegalStateException: Failed to introspect Class [org.springframework.web.multipart.commons.CommonsMultipartResolver] from ClassLoader [ParallelWebappClassLoader
  context: ROOT
  delegate: false
----------> Parent Classloader:
java.net.URLClassLoader@6572421
]
2021-04-17 22:27:24.792 [RMI TCP Connection(2)-127.0.0.1] ERROR org.springframework.web.servlet.DispatcherServlet(534) - Context initialization failed
org.springframework.beans.factory.BeanCreationException: Error creating bean with name 'multipartResolver': Lookup method resolution failed; nested exception is java.lang.IllegalStateException: Failed to introspect Class [org.springframework.web.multipart.commons.CommonsMultipartResolver] from ClassLoader [ParallelWebappClassLoader
  context: ROOT
  delegate: false
----------> Parent Classloader:
java.net.URLClassLoader@6572421
]
	at org.springframework.beans.factory.annotation.AutowiredAnnotationBeanPostProcessor.determineCandidateConstructors(AutowiredAnnotationBeanPostProcessor.java:289) ~[spring-beans-5.2.12.RELEASE.jar:5.2.12.RELEASE]
	at org.springframework.beans.factory.support.AbstractAutowireCapableBeanFactory.determineConstructorsFromBeanPostProcessors(AbstractAutowireCapableBeanFactory.java:1285) ~[spring-beans-5.2.12.RELEASE.jar:5.2.12.RELEASE]
	at org.springframework.beans.factory.support.AbstractAutowireCapableBeanFactory.createBeanInstance(AbstractAutowireCapableBeanFactory.java:1200) ~[spring-beans-5.2.12.RELEASE.jar:5.2.12.RELEASE]
	at org.springframework.beans.factory.support.AbstractAutowireCapableBeanFactory.doCreateBean(AbstractAutowireCapableBeanFactory.java:556) ~[spring-beans-5.2.12.RELEASE.jar:5.2.12.RELEASE]
	at org.springframework.beans.factory.support.AbstractAutowireCapableBeanFactory.createBean(AbstractAutowireCapableBeanFactory.java:516) ~[spring-beans-5.2.12.RELEASE.jar:5.2.12.RELEASE]
	at org.springframework.beans.factory.support.AbstractBeanFactory.lambda$doGetBean$0(AbstractBeanFactory.java:324) ~[spring-beans-5.2.12.RELEASE.jar:5.2.12.RELEASE]
	at org.springframework.beans.factory.support.DefaultSingletonBeanRegistry.getSingleton(DefaultSingletonBeanRegistry.java:234) ~[spring-beans-5.2.12.RELEASE.jar:5.2.12.RELEASE]
	at org.springframework.beans.factory.support.AbstractBeanFactory.doGetBean(AbstractBeanFactory.java:322) ~[spring-beans-5.2.12.RELEASE.jar:5.2.12.RELEASE]
	at org.springframework.beans.factory.support.AbstractBeanFactory.getBean(AbstractBeanFactory.java:202) ~[spring-beans-5.2.12.RELEASE.jar:5.2.12.RELEASE]
	at org.springframework.beans.factory.support.DefaultListableBeanFactory.preInstantiateSingletons(DefaultListableBeanFactory.java:897) ~[spring-beans-5.2.12.RELEASE.jar:5.2.12.RELEASE]
	at org.springframework.context.support.AbstractApplicationContext.finishBeanFactoryInitialization(AbstractApplicationContext.java:879) ~[spring-context-5.2.12.RELEASE.jar:5.2.12.RELEASE]
	at org.springframework.context.support.AbstractApplicationContext.refresh(AbstractApplicationContext.java:551) ~[spring-context-5.2.12.RELEASE.jar:5.2.12.RELEASE]
	at org.springframework.web.servlet.FrameworkServlet.configureAndRefreshWebApplicationContext(FrameworkServlet.java:702) ~[spring-webmvc-5.2.12.RELEASE.jar:5.2.12.RELEASE]
	at org.springframework.web.servlet.FrameworkServlet.createWebApplicationContext(FrameworkServlet.java:668) ~[spring-webmvc-5.2.12.RELEASE.jar:5.2.12.RELEASE]
	at org.springframework.web.servlet.FrameworkServlet.createWebApplicationContext(FrameworkServlet.java:716) ~[spring-webmvc-5.2.12.RELEASE.jar:5.2.12.RELEASE]
	at org.springframework.web.servlet.FrameworkServlet.initWebApplicationContext(FrameworkServlet.java:591) ~[spring-webmvc-5.2.12.RELEASE.jar:5.2.12.RELEASE]
	at org.springframework.web.servlet.FrameworkServlet.initServletBean(FrameworkServlet.java:530) ~[spring-webmvc-5.2.12.RELEASE.jar:5.2.12.RELEASE]
	at org.springframework.web.servlet.HttpServletBean.init(HttpServletBean.java:170) ~[spring-webmvc-5.2.12.RELEASE.jar:5.2.12.RELEASE]
	at javax.servlet.GenericServlet.init(GenericServlet.java:158) ~[servlet-api.jar:4.0.FR]
	at org.apache.catalina.core.StandardWrapper.initServlet(StandardWrapper.java:1134) ~[catalina.jar:9.0.45]
	at org.apache.catalina.core.StandardWrapper.loadServlet(StandardWrapper.java:1089) ~[catalina.jar:9.0.45]
	at org.apache.catalina.core.StandardWrapper.load(StandardWrapper.java:983) ~[catalina.jar:9.0.45]
	at org.apache.catalina.core.StandardContext.loadOnStartup(StandardContext.java:4902) ~[catalina.jar:9.0.45]
	at org.apache.catalina.core.StandardContext.startInternal(StandardContext.java:5206) ~[catalina.jar:9.0.45]
	at org.apache.catalina.util.LifecycleBase.start(LifecycleBase.java:183) ~[catalina.jar:9.0.45]
	at org.apache.catalina.core.ContainerBase.addChildInternal(ContainerBase.java:717) ~[catalina.jar:9.0.45]
	at org.apache.catalina.core.ContainerBase.addChild(ContainerBase.java:690) ~[catalina.jar:9.0.45]
	at org.apache.catalina.core.StandardHost.addChild(StandardHost.java:706) ~[catalina.jar:9.0.45]
	at org.apache.catalina.startup.HostConfig.manageApp(HostConfig.java:1775) ~[catalina.jar:9.0.45]
	at jdk.internal.reflect.NativeMethodAccessorImpl.invoke0(Native Method) ~[?:?]
	at jdk.internal.reflect.NativeMethodAccessorImpl.invoke(NativeMethodAccessorImpl.java:62) ~[?:?]
	at jdk.internal.reflect.DelegatingMethodAccessorImpl.invoke(DelegatingMethodAccessorImpl.java:43) ~[?:?]
	at java.lang.reflect.Method.invoke(Method.java:566) ~[?:?]
	at org.apache.tomcat.util.modeler.BaseModelMBean.invoke(BaseModelMBean.java:288) ~[tomcat-coyote.jar:9.0.45]
	at com.sun.jmx.interceptor.DefaultMBeanServerInterceptor.invoke(DefaultMBeanServerInterceptor.java:809) ~[?:?]
	at com.sun.jmx.mbeanserver.JmxMBeanServer.invoke(JmxMBeanServer.java:801) ~[?:?]
	at org.apache.catalina.mbeans.MBeanFactory.createStandardContext(MBeanFactory.java:460) ~[catalina.jar:9.0.45]
	at org.apache.catalina.mbeans.MBeanFactory.createStandardContext(MBeanFactory.java:408) ~[catalina.jar:9.0.45]
	at jdk.internal.reflect.NativeMethodAccessorImpl.invoke0(Native Method) ~[?:?]
	at jdk.internal.reflect.NativeMethodAccessorImpl.invoke(NativeMethodAccessorImpl.java:62) ~[?:?]
	at jdk.internal.reflect.DelegatingMethodAccessorImpl.invoke(DelegatingMethodAccessorImpl.java:43) ~[?:?]
	at java.lang.reflect.Method.invoke(Method.java:566) ~[?:?]
	at org.apache.tomcat.util.modeler.BaseModelMBean.invoke(BaseModelMBean.java:288) ~[tomcat-coyote.jar:9.0.45]
	at com.sun.jmx.interceptor.DefaultMBeanServerInterceptor.invoke(DefaultMBeanServerInterceptor.java:809) ~[?:?]
	at com.sun.jmx.mbeanserver.JmxMBeanServer.invoke(JmxMBeanServer.java:801) ~[?:?]
	at com.sun.jmx.remote.security.MBeanServerAccessController.invoke(MBeanServerAccessController.java:468) ~[?:?]
	at javax.management.remote.rmi.RMIConnectionImpl.doOperation(RMIConnectionImpl.java:1466) ~[?:?]
	at javax.management.remote.rmi.RMIConnectionImpl$PrivilegedOperation.run(RMIConnectionImpl.java:1307) ~[?:?]
	at java.security.AccessController.doPrivileged(Native Method) ~[?:?]
	at javax.management.remote.rmi.RMIConnectionImpl.doPrivilegedOperation(RMIConnectionImpl.java:1406) ~[?:?]
	at javax.management.remote.rmi.RMIConnectionImpl.invoke(RMIConnectionImpl.java:827) ~[?:?]
	at jdk.internal.reflect.NativeMethodAccessorImpl.invoke0(Native Method) ~[?:?]
	at jdk.internal.reflect.NativeMethodAccessorImpl.invoke(NativeMethodAccessorImpl.java:62) ~[?:?]
	at jdk.internal.reflect.DelegatingMethodAccessorImpl.invoke(DelegatingMethodAccessorImpl.java:43) ~[?:?]
	at java.lang.reflect.Method.invoke(Method.java:566) ~[?:?]
	at sun.rmi.server.UnicastServerRef.dispatch(UnicastServerRef.java:359) ~[?:?]
	at sun.rmi.transport.Transport$1.run(Transport.java:200) ~[?:?]
	at sun.rmi.transport.Transport$1.run(Transport.java:197) ~[?:?]
	at java.security.AccessController.doPrivileged(Native Method) ~[?:?]
	at sun.rmi.transport.Transport.serviceCall(Transport.java:196) ~[?:?]
	at sun.rmi.transport.tcp.TCPTransport.handleMessages(TCPTransport.java:562) ~[?:?]
	at sun.rmi.transport.tcp.TCPTransport$ConnectionHandler.run0(TCPTransport.java:796) ~[?:?]
	at sun.rmi.transport.tcp.TCPTransport$ConnectionHandler.lambda$run$0(TCPTransport.java:677) ~[?:?]
	at java.security.AccessController.doPrivileged(Native Method) ~[?:?]
	at sun.rmi.transport.tcp.TCPTransport$ConnectionHandler.run(TCPTransport.java:676) [?:?]
	at java.util.concurrent.ThreadPoolExecutor.runWorker(ThreadPoolExecutor.java:1128) [?:?]
	at java.util.concurrent.ThreadPoolExecutor$Worker.run(ThreadPoolExecutor.java:628) [?:?]
	at java.lang.Thread.run(Thread.java:834) [?:?]
Caused by: java.lang.IllegalStateException: Failed to introspect Class [org.springframework.web.multipart.commons.CommonsMultipartResolver] from ClassLoader [ParallelWebappClassLoader
  context: ROOT
  delegate: false
----------> Parent Classloader:
java.net.URLClassLoader@6572421
]
	at org.springframework.util.ReflectionUtils.getDeclaredMethods(ReflectionUtils.java:481) ~[spring-core-5.2.12.RELEASE.jar:5.2.12.RELEASE]
	at org.springframework.util.ReflectionUtils.doWithLocalMethods(ReflectionUtils.java:321) ~[spring-core-5.2.12.RELEASE.jar:5.2.12.RELEASE]
	at org.springframework.beans.factory.annotation.AutowiredAnnotationBeanPostProcessor.determineCandidateConstructors(AutowiredAnnotationBeanPostProcessor.java:267) ~[spring-beans-5.2.12.RELEASE.jar:5.2.12.RELEASE]
	... 67 more
Caused by: java.lang.NoClassDefFoundError: org/apache/commons/fileupload/FileItemFactory
	at java.lang.Class.getDeclaredMethods0(Native Method) ~[?:?]
	at java.lang.Class.privateGetDeclaredMethods(Class.java:3166) ~[?:?]
	at java.lang.Class.getDeclaredMethods(Class.java:2309) ~[?:?]
	at org.springframework.util.ReflectionUtils.getDeclaredMethods(ReflectionUtils.java:463) ~[spring-core-5.2.12.RELEASE.jar:5.2.12.RELEASE]
	at org.springframework.util.ReflectionUtils.doWithLocalMethods(ReflectionUtils.java:321) ~[spring-core-5.2.12.RELEASE.jar:5.2.12.RELEASE]
	at org.springframework.beans.factory.annotation.AutowiredAnnotationBeanPostProcessor.determineCandidateConstructors(AutowiredAnnotationBeanPostProcessor.java:267) ~[spring-beans-5.2.12.RELEASE.jar:5.2.12.RELEASE]
	... 67 more
Caused by: java.lang.ClassNotFoundException: org.apache.commons.fileupload.FileItemFactory
	at org.apache.catalina.loader.WebappClassLoaderBase.loadClass(WebappClassLoaderBase.java:1364) ~[catalina.jar:9.0.45]
	at org.apache.catalina.loader.WebappClassLoaderBase.loadClass(WebappClassLoaderBase.java:1187) ~[catalina.jar:9.0.45]
	at java.lang.Class.getDeclaredMethods0(Native Method) ~[?:?]
	at java.lang.Class.privateGetDeclaredMethods(Class.java:3166) ~[?:?]
	at java.lang.Class.getDeclaredMethods(Class.java:2309) ~[?:?]
	at org.springframework.util.ReflectionUtils.getDeclaredMethods(ReflectionUtils.java:463) ~[spring-core-5.2.12.RELEASE.jar:5.2.12.RELEASE]
	at org.springframework.util.ReflectionUtils.doWithLocalMethods(ReflectionUtils.java:321) ~[spring-core-5.2.12.RELEASE.jar:5.2.12.RELEASE]
	at org.springframework.beans.factory.annotation.AutowiredAnnotationBeanPostProcessor.determineCandidateConstructors(AutowiredAnnotationBeanPostProcessor.java:267) ~[spring-beans-5.2.12.RELEASE.jar:5.2.12.RELEASE]
	... 67 more
2021-04-17 22:29:37.788 [http-nio-8080-exec-6] INFO  org.springframework.web.servlet.DispatcherServlet(525) - Initializing Servlet 'dispatcherServlet'
2021-04-17 22:29:37.888 [http-nio-8080-exec-6] WARN  org.springframework.web.context.support.XmlWebApplicationContext(559) - Exception encountered during context initialization - cancelling refresh attempt: org.springframework.beans.factory.BeanCreationException: Error creating bean with name 'multipartResolver': Lookup method resolution failed; nested exception is java.lang.IllegalStateException: Failed to introspect Class [org.springframework.web.multipart.commons.CommonsMultipartResolver] from ClassLoader [ParallelWebappClassLoader
  context: ROOT
  delegate: false
----------> Parent Classloader:
java.net.URLClassLoader@6572421
]
2021-04-17 22:29:37.888 [http-nio-8080-exec-6] ERROR org.springframework.web.servlet.DispatcherServlet(534) - Context initialization failed
org.springframework.beans.factory.BeanCreationException: Error creating bean with name 'multipartResolver': Lookup method resolution failed; nested exception is java.lang.IllegalStateException: Failed to introspect Class [org.springframework.web.multipart.commons.CommonsMultipartResolver] from ClassLoader [ParallelWebappClassLoader
  context: ROOT
  delegate: false
----------> Parent Classloader:
java.net.URLClassLoader@6572421
]
	at org.springframework.beans.factory.annotation.AutowiredAnnotationBeanPostProcessor.determineCandidateConstructors(AutowiredAnnotationBeanPostProcessor.java:289) ~[spring-beans-5.2.12.RELEASE.jar:5.2.12.RELEASE]
	at org.springframework.beans.factory.support.AbstractAutowireCapableBeanFactory.determineConstructorsFromBeanPostProcessors(AbstractAutowireCapableBeanFactory.java:1285) ~[spring-beans-5.2.12.RELEASE.jar:5.2.12.RELEASE]
	at org.springframework.beans.factory.support.AbstractAutowireCapableBeanFactory.createBeanInstance(AbstractAutowireCapableBeanFactory.java:1200) ~[spring-beans-5.2.12.RELEASE.jar:5.2.12.RELEASE]
	at org.springframework.beans.factory.support.AbstractAutowireCapableBeanFactory.doCreateBean(AbstractAutowireCapableBeanFactory.java:556) ~[spring-beans-5.2.12.RELEASE.jar:5.2.12.RELEASE]
	at org.springframework.beans.factory.support.AbstractAutowireCapableBeanFactory.createBean(AbstractAutowireCapableBeanFactory.java:516) ~[spring-beans-5.2.12.RELEASE.jar:5.2.12.RELEASE]
	at org.springframework.beans.factory.support.AbstractBeanFactory.lambda$doGetBean$0(AbstractBeanFactory.java:324) ~[spring-beans-5.2.12.RELEASE.jar:5.2.12.RELEASE]
	at org.springframework.beans.factory.support.DefaultSingletonBeanRegistry.getSingleton(DefaultSingletonBeanRegistry.java:234) ~[spring-beans-5.2.12.RELEASE.jar:5.2.12.RELEASE]
	at org.springframework.beans.factory.support.AbstractBeanFactory.doGetBean(AbstractBeanFactory.java:322) ~[spring-beans-5.2.12.RELEASE.jar:5.2.12.RELEASE]
	at org.springframework.beans.factory.support.AbstractBeanFactory.getBean(AbstractBeanFactory.java:202) ~[spring-beans-5.2.12.RELEASE.jar:5.2.12.RELEASE]
	at org.springframework.beans.factory.support.DefaultListableBeanFactory.preInstantiateSingletons(DefaultListableBeanFactory.java:897) ~[spring-beans-5.2.12.RELEASE.jar:5.2.12.RELEASE]
	at org.springframework.context.support.AbstractApplicationContext.finishBeanFactoryInitialization(AbstractApplicationContext.java:879) ~[spring-context-5.2.12.RELEASE.jar:5.2.12.RELEASE]
	at org.springframework.context.support.AbstractApplicationContext.refresh(AbstractApplicationContext.java:551) ~[spring-context-5.2.12.RELEASE.jar:5.2.12.RELEASE]
	at org.springframework.web.servlet.FrameworkServlet.configureAndRefreshWebApplicationContext(FrameworkServlet.java:702) ~[spring-webmvc-5.2.12.RELEASE.jar:5.2.12.RELEASE]
	at org.springframework.web.servlet.FrameworkServlet.createWebApplicationContext(FrameworkServlet.java:668) ~[spring-webmvc-5.2.12.RELEASE.jar:5.2.12.RELEASE]
	at org.springframework.web.servlet.FrameworkServlet.createWebApplicationContext(FrameworkServlet.java:716) ~[spring-webmvc-5.2.12.RELEASE.jar:5.2.12.RELEASE]
	at org.springframework.web.servlet.FrameworkServlet.initWebApplicationContext(FrameworkServlet.java:591) ~[spring-webmvc-5.2.12.RELEASE.jar:5.2.12.RELEASE]
	at org.springframework.web.servlet.FrameworkServlet.initServletBean(FrameworkServlet.java:530) [spring-webmvc-5.2.12.RELEASE.jar:5.2.12.RELEASE]
	at org.springframework.web.servlet.HttpServletBean.init(HttpServletBean.java:170) [spring-webmvc-5.2.12.RELEASE.jar:5.2.12.RELEASE]
	at javax.servlet.GenericServlet.init(GenericServlet.java:158) [servlet-api.jar:4.0.FR]
	at org.apache.catalina.core.StandardWrapper.initServlet(StandardWrapper.java:1134) [catalina.jar:9.0.45]
	at org.apache.catalina.core.StandardWrapper.loadServlet(StandardWrapper.java:1089) [catalina.jar:9.0.45]
	at org.apache.catalina.core.StandardWrapper.allocate(StandardWrapper.java:761) [catalina.jar:9.0.45]
	at org.apache.catalina.core.StandardWrapperValve.invoke(StandardWrapperValve.java:135) [catalina.jar:9.0.45]
	at org.apache.catalina.core.StandardContextValve.invoke(StandardContextValve.java:97) [catalina.jar:9.0.45]
	at org.apache.catalina.authenticator.AuthenticatorBase.invoke(AuthenticatorBase.java:542) [catalina.jar:9.0.45]
	at org.apache.catalina.core.StandardHostValve.invoke(StandardHostValve.java:143) [catalina.jar:9.0.45]
	at org.apache.catalina.valves.ErrorReportValve.invoke(ErrorReportValve.java:92) [catalina.jar:9.0.45]
	at org.apache.catalina.valves.AbstractAccessLogValve.invoke(AbstractAccessLogValve.java:687) [catalina.jar:9.0.45]
	at org.apache.catalina.core.StandardEngineValve.invoke(StandardEngineValve.java:78) [catalina.jar:9.0.45]
	at org.apache.catalina.connector.CoyoteAdapter.service(CoyoteAdapter.java:357) [catalina.jar:9.0.45]
	at org.apache.coyote.http11.Http11Processor.service(Http11Processor.java:374) [tomcat-coyote.jar:9.0.45]
	at org.apache.coyote.AbstractProcessorLight.process(AbstractProcessorLight.java:65) [tomcat-coyote.jar:9.0.45]
	at org.apache.coyote.AbstractProtocol$ConnectionHandler.process(AbstractProtocol.java:893) [tomcat-coyote.jar:9.0.45]
	at org.apache.tomcat.util.net.NioEndpoint$SocketProcessor.doRun(NioEndpoint.java:1707) [tomcat-coyote.jar:9.0.45]
	at org.apache.tomcat.util.net.SocketProcessorBase.run(SocketProcessorBase.java:49) [tomcat-coyote.jar:9.0.45]
	at java.util.concurrent.ThreadPoolExecutor.runWorker(ThreadPoolExecutor.java:1128) [?:?]
	at java.util.concurrent.ThreadPoolExecutor$Worker.run(ThreadPoolExecutor.java:628) [?:?]
	at org.apache.tomcat.util.threads.TaskThread$WrappingRunnable.run(TaskThread.java:61) [tomcat-util.jar:9.0.45]
	at java.lang.Thread.run(Thread.java:834) [?:?]
Caused by: java.lang.IllegalStateException: Failed to introspect Class [org.springframework.web.multipart.commons.CommonsMultipartResolver] from ClassLoader [ParallelWebappClassLoader
  context: ROOT
  delegate: false
----------> Parent Classloader:
java.net.URLClassLoader@6572421
]
	at org.springframework.util.ReflectionUtils.getDeclaredMethods(ReflectionUtils.java:481) ~[spring-core-5.2.12.RELEASE.jar:5.2.12.RELEASE]
	at org.springframework.util.ReflectionUtils.doWithLocalMethods(ReflectionUtils.java:321) ~[spring-core-5.2.12.RELEASE.jar:5.2.12.RELEASE]
	at org.springframework.beans.factory.annotation.AutowiredAnnotationBeanPostProcessor.determineCandidateConstructors(AutowiredAnnotationBeanPostProcessor.java:267) ~[spring-beans-5.2.12.RELEASE.jar:5.2.12.RELEASE]
	... 38 more
Caused by: java.lang.NoClassDefFoundError: org/apache/commons/fileupload/FileItemFactory
	at java.lang.Class.getDeclaredMethods0(Native Method) ~[?:?]
	at java.lang.Class.privateGetDeclaredMethods(Class.java:3166) ~[?:?]
	at java.lang.Class.getDeclaredMethods(Class.java:2309) ~[?:?]
	at org.springframework.util.ReflectionUtils.getDeclaredMethods(ReflectionUtils.java:463) ~[spring-core-5.2.12.RELEASE.jar:5.2.12.RELEASE]
	at org.springframework.util.ReflectionUtils.doWithLocalMethods(ReflectionUtils.java:321) ~[spring-core-5.2.12.RELEASE.jar:5.2.12.RELEASE]
	at org.springframework.beans.factory.annotation.AutowiredAnnotationBeanPostProcessor.determineCandidateConstructors(AutowiredAnnotationBeanPostProcessor.java:267) ~[spring-beans-5.2.12.RELEASE.jar:5.2.12.RELEASE]
	... 38 more
Caused by: java.lang.ClassNotFoundException: org.apache.commons.fileupload.FileItemFactory
	at org.apache.catalina.loader.WebappClassLoaderBase.loadClass(WebappClassLoaderBase.java:1364) ~[catalina.jar:9.0.45]
	at org.apache.catalina.loader.WebappClassLoaderBase.loadClass(WebappClassLoaderBase.java:1187) ~[catalina.jar:9.0.45]
	at java.lang.Class.getDeclaredMethods0(Native Method) ~[?:?]
	at java.lang.Class.privateGetDeclaredMethods(Class.java:3166) ~[?:?]
	at java.lang.Class.getDeclaredMethods(Class.java:2309) ~[?:?]
	at org.springframework.util.ReflectionUtils.getDeclaredMethods(ReflectionUtils.java:463) ~[spring-core-5.2.12.RELEASE.jar:5.2.12.RELEASE]
	at org.springframework.util.ReflectionUtils.doWithLocalMethods(ReflectionUtils.java:321) ~[spring-core-5.2.12.RELEASE.jar:5.2.12.RELEASE]
	at org.springframework.beans.factory.annotation.AutowiredAnnotationBeanPostProcessor.determineCandidateConstructors(AutowiredAnnotationBeanPostProcessor.java:267) ~[spring-beans-5.2.12.RELEASE.jar:5.2.12.RELEASE]
	... 38 more
2021-04-17 22:30:12.185 [RMI TCP Connection(2)-127.0.0.1] INFO  org.springframework.web.servlet.DispatcherServlet(525) - Initializing Servlet 'dispatcherServlet'
2021-04-17 22:30:13.057 [RMI TCP Connection(2)-127.0.0.1] INFO  org.springframework.web.servlet.DispatcherServlet(547) - Completed initialization in 863 ms
2021-04-17 22:42:34.872 [RMI TCP Connection(2)-127.0.0.1] INFO  org.springframework.web.context.ContextLoader(271) - Root WebApplicationContext: initialization started
2021-04-17 22:42:35.407 [RMI TCP Connection(2)-127.0.0.1] INFO  org.springframework.web.context.ContextLoader(307) - Root WebApplicationContext initialized in 523 ms
2021-04-17 22:42:35.487 [RMI TCP Connection(2)-127.0.0.1] INFO  org.springframework.web.servlet.DispatcherServlet(525) - Initializing Servlet 'dispatcherServlet'
2021-04-17 22:42:36.223 [RMI TCP Connection(2)-127.0.0.1] INFO  org.springframework.web.servlet.DispatcherServlet(547) - Completed initialization in 735 ms
2021-04-17 22:55:00.809 [RMI TCP Connection(2)-127.0.0.1] INFO  org.springframework.web.context.ContextLoader(271) - Root WebApplicationContext: initialization started
2021-04-17 22:55:01.251 [RMI TCP Connection(2)-127.0.0.1] INFO  org.springframework.web.context.ContextLoader(307) - Root WebApplicationContext initialized in 433 ms
2021-04-17 22:55:01.320 [RMI TCP Connection(2)-127.0.0.1] INFO  org.springframework.web.servlet.DispatcherServlet(525) - Initializing Servlet 'dispatcherServlet'
2021-04-17 22:55:01.670 [RMI TCP Connection(2)-127.0.0.1] WARN  org.springframework.web.context.support.XmlWebApplicationContext(559) - Exception encountered during context initialization - cancelling refresh attempt: org.springframework.beans.factory.BeanCreationException: Error creating bean with name 'org.springframework.web.servlet.view.freemarker.FreeMarkerConfigurer#0' defined in class path resource [applicationContext-mvc.xml]: Invocation of init method failed; nested exception is freemarker.core.Configurable$SettingValueAssignmentException: Failed to set FreeMarker configuration setting "tag_syntax" to value "auto_detect##如果变量为null,转化为空字符串,比如做比较的时候按照空字符做比较"; see cause exception.
2021-04-17 22:55:01.671 [RMI TCP Connection(2)-127.0.0.1] ERROR org.springframework.web.servlet.DispatcherServlet(534) - Context initialization failed
org.springframework.beans.factory.BeanCreationException: Error creating bean with name 'org.springframework.web.servlet.view.freemarker.FreeMarkerConfigurer#0' defined in class path resource [applicationContext-mvc.xml]: Invocation of init method failed; nested exception is freemarker.core.Configurable$SettingValueAssignmentException: Failed to set FreeMarker configuration setting "tag_syntax" to value "auto_detect##如果变量为null,转化为空字符串,比如做比较的时候按照空字符做比较"; see cause exception.
	at org.springframework.beans.factory.support.AbstractAutowireCapableBeanFactory.initializeBean(AbstractAutowireCapableBeanFactory.java:1794) ~[spring-beans-5.2.12.RELEASE.jar:5.2.12.RELEASE]
	at org.springframework.beans.factory.support.AbstractAutowireCapableBeanFactory.doCreateBean(AbstractAutowireCapableBeanFactory.java:594) ~[spring-beans-5.2.12.RELEASE.jar:5.2.12.RELEASE]
	at org.springframework.beans.factory.support.AbstractAutowireCapableBeanFactory.createBean(AbstractAutowireCapableBeanFactory.java:516) ~[spring-beans-5.2.12.RELEASE.jar:5.2.12.RELEASE]
	at org.springframework.beans.factory.support.AbstractBeanFactory.lambda$doGetBean$0(AbstractBeanFactory.java:324) ~[spring-beans-5.2.12.RELEASE.jar:5.2.12.RELEASE]
	at org.springframework.beans.factory.support.DefaultSingletonBeanRegistry.getSingleton(DefaultSingletonBeanRegistry.java:234) ~[spring-beans-5.2.12.RELEASE.jar:5.2.12.RELEASE]
	at org.springframework.beans.factory.support.AbstractBeanFactory.doGetBean(AbstractBeanFactory.java:322) ~[spring-beans-5.2.12.RELEASE.jar:5.2.12.RELEASE]
	at org.springframework.beans.factory.support.AbstractBeanFactory.getBean(AbstractBeanFactory.java:202) ~[spring-beans-5.2.12.RELEASE.jar:5.2.12.RELEASE]
	at org.springframework.beans.factory.support.DefaultListableBeanFactory.preInstantiateSingletons(DefaultListableBeanFactory.java:897) ~[spring-beans-5.2.12.RELEASE.jar:5.2.12.RELEASE]
	at org.springframework.context.support.AbstractApplicationContext.finishBeanFactoryInitialization(AbstractApplicationContext.java:879) ~[spring-context-5.2.12.RELEASE.jar:5.2.12.RELEASE]
	at org.springframework.context.support.AbstractApplicationContext.refresh(AbstractApplicationContext.java:551) ~[spring-context-5.2.12.RELEASE.jar:5.2.12.RELEASE]
	at org.springframework.web.servlet.FrameworkServlet.configureAndRefreshWebApplicationContext(FrameworkServlet.java:702) ~[spring-webmvc-5.2.12.RELEASE.jar:5.2.12.RELEASE]
	at org.springframework.web.servlet.FrameworkServlet.createWebApplicationContext(FrameworkServlet.java:668) ~[spring-webmvc-5.2.12.RELEASE.jar:5.2.12.RELEASE]
	at org.springframework.web.servlet.FrameworkServlet.createWebApplicationContext(FrameworkServlet.java:716) ~[spring-webmvc-5.2.12.RELEASE.jar:5.2.12.RELEASE]
	at org.springframework.web.servlet.FrameworkServlet.initWebApplicationContext(FrameworkServlet.java:591) ~[spring-webmvc-5.2.12.RELEASE.jar:5.2.12.RELEASE]
	at org.springframework.web.servlet.FrameworkServlet.initServletBean(FrameworkServlet.java:530) ~[spring-webmvc-5.2.12.RELEASE.jar:5.2.12.RELEASE]
	at org.springframework.web.servlet.HttpServletBean.init(HttpServletBean.java:170) ~[spring-webmvc-5.2.12.RELEASE.jar:5.2.12.RELEASE]
	at javax.servlet.GenericServlet.init(GenericServlet.java:158) ~[servlet-api.jar:4.0.FR]
	at org.apache.catalina.core.StandardWrapper.initServlet(StandardWrapper.java:1134) ~[catalina.jar:9.0.45]
	at org.apache.catalina.core.StandardWrapper.loadServlet(StandardWrapper.java:1089) ~[catalina.jar:9.0.45]
	at org.apache.catalina.core.StandardWrapper.load(StandardWrapper.java:983) ~[catalina.jar:9.0.45]
	at org.apache.catalina.core.StandardContext.loadOnStartup(StandardContext.java:4902) ~[catalina.jar:9.0.45]
	at org.apache.catalina.core.StandardContext.startInternal(StandardContext.java:5206) ~[catalina.jar:9.0.45]
	at org.apache.catalina.util.LifecycleBase.start(LifecycleBase.java:183) ~[catalina.jar:9.0.45]
	at org.apache.catalina.core.ContainerBase.addChildInternal(ContainerBase.java:717) ~[catalina.jar:9.0.45]
	at org.apache.catalina.core.ContainerBase.addChild(ContainerBase.java:690) ~[catalina.jar:9.0.45]
	at org.apache.catalina.core.StandardHost.addChild(StandardHost.java:706) ~[catalina.jar:9.0.45]
	at org.apache.catalina.startup.HostConfig.manageApp(HostConfig.java:1775) ~[catalina.jar:9.0.45]
	at jdk.internal.reflect.NativeMethodAccessorImpl.invoke0(Native Method) ~[?:?]
	at jdk.internal.reflect.NativeMethodAccessorImpl.invoke(NativeMethodAccessorImpl.java:62) ~[?:?]
	at jdk.internal.reflect.DelegatingMethodAccessorImpl.invoke(DelegatingMethodAccessorImpl.java:43) ~[?:?]
	at java.lang.reflect.Method.invoke(Method.java:566) ~[?:?]
	at org.apache.tomcat.util.modeler.BaseModelMBean.invoke(BaseModelMBean.java:288) ~[tomcat-coyote.jar:9.0.45]
	at com.sun.jmx.interceptor.DefaultMBeanServerInterceptor.invoke(DefaultMBeanServerInterceptor.java:809) ~[?:?]
	at com.sun.jmx.mbeanserver.JmxMBeanServer.invoke(JmxMBeanServer.java:801) ~[?:?]
	at org.apache.catalina.mbeans.MBeanFactory.createStandardContext(MBeanFactory.java:460) ~[catalina.jar:9.0.45]
	at org.apache.catalina.mbeans.MBeanFactory.createStandardContext(MBeanFactory.java:408) ~[catalina.jar:9.0.45]
	at jdk.internal.reflect.NativeMethodAccessorImpl.invoke0(Native Method) ~[?:?]
	at jdk.internal.reflect.NativeMethodAccessorImpl.invoke(NativeMethodAccessorImpl.java:62) ~[?:?]
	at jdk.internal.reflect.DelegatingMethodAccessorImpl.invoke(DelegatingMethodAccessorImpl.java:43) ~[?:?]
	at java.lang.reflect.Method.invoke(Method.java:566) ~[?:?]
	at org.apache.tomcat.util.modeler.BaseModelMBean.invoke(BaseModelMBean.java:288) ~[tomcat-coyote.jar:9.0.45]
	at com.sun.jmx.interceptor.DefaultMBeanServerInterceptor.invoke(DefaultMBeanServerInterceptor.java:809) ~[?:?]
	at com.sun.jmx.mbeanserver.JmxMBeanServer.invoke(JmxMBeanServer.java:801) ~[?:?]
	at com.sun.jmx.remote.security.MBeanServerAccessController.invoke(MBeanServerAccessController.java:468) ~[?:?]
	at javax.management.remote.rmi.RMIConnectionImpl.doOperation(RMIConnectionImpl.java:1466) ~[?:?]
	at javax.management.remote.rmi.RMIConnectionImpl$PrivilegedOperation.run(RMIConnectionImpl.java:1307) ~[?:?]
	at java.security.AccessController.doPrivileged(Native Method) ~[?:?]
	at javax.management.remote.rmi.RMIConnectionImpl.doPrivilegedOperation(RMIConnectionImpl.java:1406) ~[?:?]
	at javax.management.remote.rmi.RMIConnectionImpl.invoke(RMIConnectionImpl.java:827) ~[?:?]
	at jdk.internal.reflect.NativeMethodAccessorImpl.invoke0(Native Method) ~[?:?]
	at jdk.internal.reflect.NativeMethodAccessorImpl.invoke(NativeMethodAccessorImpl.java:62) ~[?:?]
	at jdk.internal.reflect.DelegatingMethodAccessorImpl.invoke(DelegatingMethodAccessorImpl.java:43) ~[?:?]
	at java.lang.reflect.Method.invoke(Method.java:566) ~[?:?]
	at sun.rmi.server.UnicastServerRef.dispatch(UnicastServerRef.java:359) ~[?:?]
	at sun.rmi.transport.Transport$1.run(Transport.java:200) ~[?:?]
	at sun.rmi.transport.Transport$1.run(Transport.java:197) ~[?:?]
	at java.security.AccessController.doPrivileged(Native Method) ~[?:?]
	at sun.rmi.transport.Transport.serviceCall(Transport.java:196) ~[?:?]
	at sun.rmi.transport.tcp.TCPTransport.handleMessages(TCPTransport.java:562) ~[?:?]
	at sun.rmi.transport.tcp.TCPTransport$ConnectionHandler.run0(TCPTransport.java:796) ~[?:?]
	at sun.rmi.transport.tcp.TCPTransport$ConnectionHandler.lambda$run$0(TCPTransport.java:677) ~[?:?]
	at java.security.AccessController.doPrivileged(Native Method) ~[?:?]
	at sun.rmi.transport.tcp.TCPTransport$ConnectionHandler.run(TCPTransport.java:676) [?:?]
	at java.util.concurrent.ThreadPoolExecutor.runWorker(ThreadPoolExecutor.java:1128) [?:?]
	at java.util.concurrent.ThreadPoolExecutor$Worker.run(ThreadPoolExecutor.java:628) [?:?]
	at java.lang.Thread.run(Thread.java:834) [?:?]
Caused by: freemarker.core.Configurable$SettingValueAssignmentException: Failed to set FreeMarker configuration setting "tag_syntax" to value "auto_detect##如果变量为null,转化为空字符串,比如做比较的时候按照空字符做比较"; see cause exception.
	at freemarker.core.Configurable.settingValueAssignmentException(Configurable.java:2829) ~[freemarker-2.3.28.jar:2.3.28]
	at freemarker.template.Configuration.setSetting(Configuration.java:3387) ~[freemarker-2.3.28.jar:2.3.28]
	at freemarker.core.Configurable.setSettings(Configurable.java:2879) ~[freemarker-2.3.28.jar:2.3.28]
	at org.springframework.ui.freemarker.FreeMarkerConfigurationFactory.createConfiguration(FreeMarkerConfigurationFactory.java:276) ~[spring-context-support-5.2.12.RELEASE.jar:5.2.12.RELEASE]
	at org.springframework.web.servlet.view.freemarker.FreeMarkerConfigurer.afterPropertiesSet(FreeMarkerConfigurer.java:120) ~[spring-webmvc-5.2.12.RELEASE.jar:5.2.12.RELEASE]
	at org.springframework.beans.factory.support.AbstractAutowireCapableBeanFactory.invokeInitMethods(AbstractAutowireCapableBeanFactory.java:1853) ~[spring-beans-5.2.12.RELEASE.jar:5.2.12.RELEASE]
	at org.springframework.beans.factory.support.AbstractAutowireCapableBeanFactory.initializeBean(AbstractAutowireCapableBeanFactory.java:1790) ~[spring-beans-5.2.12.RELEASE.jar:5.2.12.RELEASE]
	... 65 more
Caused by: freemarker.core._MiscTemplateException: Invalid value for setting "tag_syntax": "auto_detect##如果变量为null,转化为空字符串,比如做比较的时候按照空字符做比较"
	at freemarker.core.Configurable.invalidSettingValueException(Configurable.java:2833) ~[freemarker-2.3.28.jar:2.3.28]
	at freemarker.template.Configuration.setSetting(Configuration.java:3319) ~[freemarker-2.3.28.jar:2.3.28]
	at freemarker.core.Configurable.setSettings(Configurable.java:2879) ~[freemarker-2.3.28.jar:2.3.28]
	at org.springframework.ui.freemarker.FreeMarkerConfigurationFactory.createConfiguration(FreeMarkerConfigurationFactory.java:276) ~[spring-context-support-5.2.12.RELEASE.jar:5.2.12.RELEASE]
	at org.springframework.web.servlet.view.freemarker.FreeMarkerConfigurer.afterPropertiesSet(FreeMarkerConfigurer.java:120) ~[spring-webmvc-5.2.12.RELEASE.jar:5.2.12.RELEASE]
	at org.springframework.beans.factory.support.AbstractAutowireCapableBeanFactory.invokeInitMethods(AbstractAutowireCapableBeanFactory.java:1853) ~[spring-beans-5.2.12.RELEASE.jar:5.2.12.RELEASE]
	at org.springframework.beans.factory.support.AbstractAutowireCapableBeanFactory.initializeBean(AbstractAutowireCapableBeanFactory.java:1790) ~[spring-beans-5.2.12.RELEASE.jar:5.2.12.RELEASE]
	... 65 more
2021-04-17 22:56:23.889 [http-nio-8080-exec-6] INFO  org.springframework.web.servlet.DispatcherServlet(525) - Initializing Servlet 'dispatcherServlet'
2021-04-17 22:56:24.050 [http-nio-8080-exec-6] WARN  org.springframework.web.context.support.XmlWebApplicationContext(559) - Exception encountered during context initialization - cancelling refresh attempt: org.springframework.beans.factory.BeanCreationException: Error creating bean with name 'org.springframework.web.servlet.view.freemarker.FreeMarkerConfigurer#0' defined in class path resource [applicationContext-mvc.xml]: Invocation of init method failed; nested exception is freemarker.core.Configurable$SettingValueAssignmentException: Failed to set FreeMarker configuration setting "tag_syntax" to value "auto_detect##如果变量为null,转化为空字符串,比如做比较的时候按照空字符做比较"; see cause exception.
2021-04-17 22:56:24.051 [http-nio-8080-exec-6] ERROR org.springframework.web.servlet.DispatcherServlet(534) - Context initialization failed
org.springframework.beans.factory.BeanCreationException: Error creating bean with name 'org.springframework.web.servlet.view.freemarker.FreeMarkerConfigurer#0' defined in class path resource [applicationContext-mvc.xml]: Invocation of init method failed; nested exception is freemarker.core.Configurable$SettingValueAssignmentException: Failed to set FreeMarker configuration setting "tag_syntax" to value "auto_detect##如果变量为null,转化为空字符串,比如做比较的时候按照空字符做比较"; see cause exception.
	at org.springframework.beans.factory.support.AbstractAutowireCapableBeanFactory.initializeBean(AbstractAutowireCapableBeanFactory.java:1794) ~[spring-beans-5.2.12.RELEASE.jar:5.2.12.RELEASE]
	at org.springframework.beans.factory.support.AbstractAutowireCapableBeanFactory.doCreateBean(AbstractAutowireCapableBeanFactory.java:594) ~[spring-beans-5.2.12.RELEASE.jar:5.2.12.RELEASE]
	at org.springframework.beans.factory.support.AbstractAutowireCapableBeanFactory.createBean(AbstractAutowireCapableBeanFactory.java:516) ~[spring-beans-5.2.12.RELEASE.jar:5.2.12.RELEASE]
	at org.springframework.beans.factory.support.AbstractBeanFactory.lambda$doGetBean$0(AbstractBeanFactory.java:324) ~[spring-beans-5.2.12.RELEASE.jar:5.2.12.RELEASE]
	at org.springframework.beans.factory.support.DefaultSingletonBeanRegistry.getSingleton(DefaultSingletonBeanRegistry.java:234) ~[spring-beans-5.2.12.RELEASE.jar:5.2.12.RELEASE]
	at org.springframework.beans.factory.support.AbstractBeanFactory.doGetBean(AbstractBeanFactory.java:322) ~[spring-beans-5.2.12.RELEASE.jar:5.2.12.RELEASE]
	at org.springframework.beans.factory.support.AbstractBeanFactory.getBean(AbstractBeanFactory.java:202) ~[spring-beans-5.2.12.RELEASE.jar:5.2.12.RELEASE]
	at org.springframework.beans.factory.support.DefaultListableBeanFactory.preInstantiateSingletons(DefaultListableBeanFactory.java:897) ~[spring-beans-5.2.12.RELEASE.jar:5.2.12.RELEASE]
	at org.springframework.context.support.AbstractApplicationContext.finishBeanFactoryInitialization(AbstractApplicationContext.java:879) ~[spring-context-5.2.12.RELEASE.jar:5.2.12.RELEASE]
	at org.springframework.context.support.AbstractApplicationContext.refresh(AbstractApplicationContext.java:551) ~[spring-context-5.2.12.RELEASE.jar:5.2.12.RELEASE]
	at org.springframework.web.servlet.FrameworkServlet.configureAndRefreshWebApplicationContext(FrameworkServlet.java:702) ~[spring-webmvc-5.2.12.RELEASE.jar:5.2.12.RELEASE]
	at org.springframework.web.servlet.FrameworkServlet.createWebApplicationContext(FrameworkServlet.java:668) ~[spring-webmvc-5.2.12.RELEASE.jar:5.2.12.RELEASE]
	at org.springframework.web.servlet.FrameworkServlet.createWebApplicationContext(FrameworkServlet.java:716) ~[spring-webmvc-5.2.12.RELEASE.jar:5.2.12.RELEASE]
	at org.springframework.web.servlet.FrameworkServlet.initWebApplicationContext(FrameworkServlet.java:591) ~[spring-webmvc-5.2.12.RELEASE.jar:5.2.12.RELEASE]
	at org.springframework.web.servlet.FrameworkServlet.initServletBean(FrameworkServlet.java:530) [spring-webmvc-5.2.12.RELEASE.jar:5.2.12.RELEASE]
	at org.springframework.web.servlet.HttpServletBean.init(HttpServletBean.java:170) [spring-webmvc-5.2.12.RELEASE.jar:5.2.12.RELEASE]
	at javax.servlet.GenericServlet.init(GenericServlet.java:158) [servlet-api.jar:4.0.FR]
	at org.apache.catalina.core.StandardWrapper.initServlet(StandardWrapper.java:1134) [catalina.jar:9.0.45]
	at org.apache.catalina.core.StandardWrapper.loadServlet(StandardWrapper.java:1089) [catalina.jar:9.0.45]
	at org.apache.catalina.core.StandardWrapper.allocate(StandardWrapper.java:761) [catalina.jar:9.0.45]
	at org.apache.catalina.core.StandardWrapperValve.invoke(StandardWrapperValve.java:135) [catalina.jar:9.0.45]
	at org.apache.catalina.core.StandardContextValve.invoke(StandardContextValve.java:97) [catalina.jar:9.0.45]
	at org.apache.catalina.authenticator.AuthenticatorBase.invoke(AuthenticatorBase.java:542) [catalina.jar:9.0.45]
	at org.apache.catalina.core.StandardHostValve.invoke(StandardHostValve.java:143) [catalina.jar:9.0.45]
	at org.apache.catalina.valves.ErrorReportValve.invoke(ErrorReportValve.java:92) [catalina.jar:9.0.45]
	at org.apache.catalina.valves.AbstractAccessLogValve.invoke(AbstractAccessLogValve.java:687) [catalina.jar:9.0.45]
	at org.apache.catalina.core.StandardEngineValve.invoke(StandardEngineValve.java:78) [catalina.jar:9.0.45]
	at org.apache.catalina.connector.CoyoteAdapter.service(CoyoteAdapter.java:357) [catalina.jar:9.0.45]
	at org.apache.coyote.http11.Http11Processor.service(Http11Processor.java:374) [tomcat-coyote.jar:9.0.45]
	at org.apache.coyote.AbstractProcessorLight.process(AbstractProcessorLight.java:65) [tomcat-coyote.jar:9.0.45]
	at org.apache.coyote.AbstractProtocol$ConnectionHandler.process(AbstractProtocol.java:893) [tomcat-coyote.jar:9.0.45]
	at org.apache.tomcat.util.net.NioEndpoint$SocketProcessor.doRun(NioEndpoint.java:1707) [tomcat-coyote.jar:9.0.45]
	at org.apache.tomcat.util.net.SocketProcessorBase.run(SocketProcessorBase.java:49) [tomcat-coyote.jar:9.0.45]
	at java.util.concurrent.ThreadPoolExecutor.runWorker(ThreadPoolExecutor.java:1128) [?:?]
	at java.util.concurrent.ThreadPoolExecutor$Worker.run(ThreadPoolExecutor.java:628) [?:?]
	at org.apache.tomcat.util.threads.TaskThread$WrappingRunnable.run(TaskThread.java:61) [tomcat-util.jar:9.0.45]
	at java.lang.Thread.run(Thread.java:834) [?:?]
Caused by: freemarker.core.Configurable$SettingValueAssignmentException: Failed to set FreeMarker configuration setting "tag_syntax" to value "auto_detect##如果变量为null,转化为空字符串,比如做比较的时候按照空字符做比较"; see cause exception.
	at freemarker.core.Configurable.settingValueAssignmentException(Configurable.java:2829) ~[freemarker-2.3.28.jar:2.3.28]
	at freemarker.template.Configuration.setSetting(Configuration.java:3387) ~[freemarker-2.3.28.jar:2.3.28]
	at freemarker.core.Configurable.setSettings(Configurable.java:2879) ~[freemarker-2.3.28.jar:2.3.28]
	at org.springframework.ui.freemarker.FreeMarkerConfigurationFactory.createConfiguration(FreeMarkerConfigurationFactory.java:276) ~[spring-context-support-5.2.12.RELEASE.jar:5.2.12.RELEASE]
	at org.springframework.web.servlet.view.freemarker.FreeMarkerConfigurer.afterPropertiesSet(FreeMarkerConfigurer.java:120) ~[spring-webmvc-5.2.12.RELEASE.jar:5.2.12.RELEASE]
	at org.springframework.beans.factory.support.AbstractAutowireCapableBeanFactory.invokeInitMethods(AbstractAutowireCapableBeanFactory.java:1853) ~[spring-beans-5.2.12.RELEASE.jar:5.2.12.RELEASE]
	at org.springframework.beans.factory.support.AbstractAutowireCapableBeanFactory.initializeBean(AbstractAutowireCapableBeanFactory.java:1790) ~[spring-beans-5.2.12.RELEASE.jar:5.2.12.RELEASE]
	... 36 more
Caused by: freemarker.core._MiscTemplateException: Invalid value for setting "tag_syntax": "auto_detect##如果变量为null,转化为空字符串,比如做比较的时候按照空字符做比较"
	at freemarker.core.Configurable.invalidSettingValueException(Configurable.java:2833) ~[freemarker-2.3.28.jar:2.3.28]
	at freemarker.template.Configuration.setSetting(Configuration.java:3319) ~[freemarker-2.3.28.jar:2.3.28]
	at freemarker.core.Configurable.setSettings(Configurable.java:2879) ~[freemarker-2.3.28.jar:2.3.28]
	at org.springframework.ui.freemarker.FreeMarkerConfigurationFactory.createConfiguration(FreeMarkerConfigurationFactory.java:276) ~[spring-context-support-5.2.12.RELEASE.jar:5.2.12.RELEASE]
	at org.springframework.web.servlet.view.freemarker.FreeMarkerConfigurer.afterPropertiesSet(FreeMarkerConfigurer.java:120) ~[spring-webmvc-5.2.12.RELEASE.jar:5.2.12.RELEASE]
	at org.springframework.beans.factory.support.AbstractAutowireCapableBeanFactory.invokeInitMethods(AbstractAutowireCapableBeanFactory.java:1853) ~[spring-beans-5.2.12.RELEASE.jar:5.2.12.RELEASE]
	at org.springframework.beans.factory.support.AbstractAutowireCapableBeanFactory.initializeBean(AbstractAutowireCapableBeanFactory.java:1790) ~[spring-beans-5.2.12.RELEASE.jar:5.2.12.RELEASE]
	... 36 more
2021-04-17 22:59:08.544 [RMI TCP Connection(2)-127.0.0.1] INFO  org.springframework.web.context.ContextLoader(271) - Root WebApplicationContext: initialization started
2021-04-17 22:59:08.980 [RMI TCP Connection(2)-127.0.0.1] INFO  org.springframework.web.context.ContextLoader(307) - Root WebApplicationContext initialized in 426 ms
2021-04-17 22:59:09.053 [RMI TCP Connection(2)-127.0.0.1] INFO  org.springframework.web.servlet.DispatcherServlet(525) - Initializing Servlet 'dispatcherServlet'
2021-04-17 22:59:09.440 [RMI TCP Connection(2)-127.0.0.1] WARN  org.springframework.web.context.support.XmlWebApplicationContext(559) - Exception encountered during context initialization - cancelling refresh attempt: org.springframework.beans.factory.BeanCreationException: Error creating bean with name 'freeMarkerConfigurer' defined in class path resource [applicationContext-mvc.xml]: Invocation of init method failed; nested exception is freemarker.core.Configurable$SettingValueAssignmentException: Failed to set FreeMarker configuration setting "tag_syntax" to value "auto_detect##如果变量为null,转化为空字符串,比如做比较的时候按照空字符做比较"; see cause exception.
2021-04-17 22:59:09.442 [RMI TCP Connection(2)-127.0.0.1] ERROR org.springframework.web.servlet.DispatcherServlet(534) - Context initialization failed
org.springframework.beans.factory.BeanCreationException: Error creating bean with name 'freeMarkerConfigurer' defined in class path resource [applicationContext-mvc.xml]: Invocation of init method failed; nested exception is freemarker.core.Configurable$SettingValueAssignmentException: Failed to set FreeMarker configuration setting "tag_syntax" to value "auto_detect##如果变量为null,转化为空字符串,比如做比较的时候按照空字符做比较"; see cause exception.
	at org.springframework.beans.factory.support.AbstractAutowireCapableBeanFactory.initializeBean(AbstractAutowireCapableBeanFactory.java:1794) ~[spring-beans-5.2.12.RELEASE.jar:5.2.12.RELEASE]
	at org.springframework.beans.factory.support.AbstractAutowireCapableBeanFactory.doCreateBean(AbstractAutowireCapableBeanFactory.java:594) ~[spring-beans-5.2.12.RELEASE.jar:5.2.12.RELEASE]
	at org.springframework.beans.factory.support.AbstractAutowireCapableBeanFactory.createBean(AbstractAutowireCapableBeanFactory.java:516) ~[spring-beans-5.2.12.RELEASE.jar:5.2.12.RELEASE]
	at org.springframework.beans.factory.support.AbstractBeanFactory.lambda$doGetBean$0(AbstractBeanFactory.java:324) ~[spring-beans-5.2.12.RELEASE.jar:5.2.12.RELEASE]
	at org.springframework.beans.factory.support.DefaultSingletonBeanRegistry.getSingleton(DefaultSingletonBeanRegistry.java:234) ~[spring-beans-5.2.12.RELEASE.jar:5.2.12.RELEASE]
	at org.springframework.beans.factory.support.AbstractBeanFactory.doGetBean(AbstractBeanFactory.java:322) ~[spring-beans-5.2.12.RELEASE.jar:5.2.12.RELEASE]
	at org.springframework.beans.factory.support.AbstractBeanFactory.getBean(AbstractBeanFactory.java:202) ~[spring-beans-5.2.12.RELEASE.jar:5.2.12.RELEASE]
	at org.springframework.beans.factory.support.DefaultListableBeanFactory.preInstantiateSingletons(DefaultListableBeanFactory.java:897) ~[spring-beans-5.2.12.RELEASE.jar:5.2.12.RELEASE]
	at org.springframework.context.support.AbstractApplicationContext.finishBeanFactoryInitialization(AbstractApplicationContext.java:879) ~[spring-context-5.2.12.RELEASE.jar:5.2.12.RELEASE]
	at org.springframework.context.support.AbstractApplicationContext.refresh(AbstractApplicationContext.java:551) ~[spring-context-5.2.12.RELEASE.jar:5.2.12.RELEASE]
	at org.springframework.web.servlet.FrameworkServlet.configureAndRefreshWebApplicationContext(FrameworkServlet.java:702) ~[spring-webmvc-5.2.12.RELEASE.jar:5.2.12.RELEASE]
	at org.springframework.web.servlet.FrameworkServlet.createWebApplicationContext(FrameworkServlet.java:668) ~[spring-webmvc-5.2.12.RELEASE.jar:5.2.12.RELEASE]
	at org.springframework.web.servlet.FrameworkServlet.createWebApplicationContext(FrameworkServlet.java:716) ~[spring-webmvc-5.2.12.RELEASE.jar:5.2.12.RELEASE]
	at org.springframework.web.servlet.FrameworkServlet.initWebApplicationContext(FrameworkServlet.java:591) ~[spring-webmvc-5.2.12.RELEASE.jar:5.2.12.RELEASE]
	at org.springframework.web.servlet.FrameworkServlet.initServletBean(FrameworkServlet.java:530) ~[spring-webmvc-5.2.12.RELEASE.jar:5.2.12.RELEASE]
	at org.springframework.web.servlet.HttpServletBean.init(HttpServletBean.java:170) ~[spring-webmvc-5.2.12.RELEASE.jar:5.2.12.RELEASE]
	at javax.servlet.GenericServlet.init(GenericServlet.java:158) ~[servlet-api.jar:4.0.FR]
	at org.apache.catalina.core.StandardWrapper.initServlet(StandardWrapper.java:1134) ~[catalina.jar:9.0.45]
	at org.apache.catalina.core.StandardWrapper.loadServlet(StandardWrapper.java:1089) ~[catalina.jar:9.0.45]
	at org.apache.catalina.core.StandardWrapper.load(StandardWrapper.java:983) ~[catalina.jar:9.0.45]
	at org.apache.catalina.core.StandardContext.loadOnStartup(StandardContext.java:4902) ~[catalina.jar:9.0.45]
	at org.apache.catalina.core.StandardContext.startInternal(StandardContext.java:5206) ~[catalina.jar:9.0.45]
	at org.apache.catalina.util.LifecycleBase.start(LifecycleBase.java:183) ~[catalina.jar:9.0.45]
	at org.apache.catalina.core.ContainerBase.addChildInternal(ContainerBase.java:717) ~[catalina.jar:9.0.45]
	at org.apache.catalina.core.ContainerBase.addChild(ContainerBase.java:690) ~[catalina.jar:9.0.45]
	at org.apache.catalina.core.StandardHost.addChild(StandardHost.java:706) ~[catalina.jar:9.0.45]
	at org.apache.catalina.startup.HostConfig.manageApp(HostConfig.java:1775) ~[catalina.jar:9.0.45]
	at jdk.internal.reflect.NativeMethodAccessorImpl.invoke0(Native Method) ~[?:?]
	at jdk.internal.reflect.NativeMethodAccessorImpl.invoke(NativeMethodAccessorImpl.java:62) ~[?:?]
	at jdk.internal.reflect.DelegatingMethodAccessorImpl.invoke(DelegatingMethodAccessorImpl.java:43) ~[?:?]
	at java.lang.reflect.Method.invoke(Method.java:566) ~[?:?]
	at org.apache.tomcat.util.modeler.BaseModelMBean.invoke(BaseModelMBean.java:288) ~[tomcat-coyote.jar:9.0.45]
	at com.sun.jmx.interceptor.DefaultMBeanServerInterceptor.invoke(DefaultMBeanServerInterceptor.java:809) ~[?:?]
	at com.sun.jmx.mbeanserver.JmxMBeanServer.invoke(JmxMBeanServer.java:801) ~[?:?]
	at org.apache.catalina.mbeans.MBeanFactory.createStandardContext(MBeanFactory.java:460) ~[catalina.jar:9.0.45]
	at org.apache.catalina.mbeans.MBeanFactory.createStandardContext(MBeanFactory.java:408) ~[catalina.jar:9.0.45]
	at jdk.internal.reflect.NativeMethodAccessorImpl.invoke0(Native Method) ~[?:?]
	at jdk.internal.reflect.NativeMethodAccessorImpl.invoke(NativeMethodAccessorImpl.java:62) ~[?:?]
	at jdk.internal.reflect.DelegatingMethodAccessorImpl.invoke(DelegatingMethodAccessorImpl.java:43) ~[?:?]
	at java.lang.reflect.Method.invoke(Method.java:566) ~[?:?]
	at org.apache.tomcat.util.modeler.BaseModelMBean.invoke(BaseModelMBean.java:288) ~[tomcat-coyote.jar:9.0.45]
	at com.sun.jmx.interceptor.DefaultMBeanServerInterceptor.invoke(DefaultMBeanServerInterceptor.java:809) ~[?:?]
	at com.sun.jmx.mbeanserver.JmxMBeanServer.invoke(JmxMBeanServer.java:801) ~[?:?]
	at com.sun.jmx.remote.security.MBeanServerAccessController.invoke(MBeanServerAccessController.java:468) ~[?:?]
	at javax.management.remote.rmi.RMIConnectionImpl.doOperation(RMIConnectionImpl.java:1466) ~[?:?]
	at javax.management.remote.rmi.RMIConnectionImpl$PrivilegedOperation.run(RMIConnectionImpl.java:1307) ~[?:?]
	at java.security.AccessController.doPrivileged(Native Method) ~[?:?]
	at javax.management.remote.rmi.RMIConnectionImpl.doPrivilegedOperation(RMIConnectionImpl.java:1406) ~[?:?]
	at javax.management.remote.rmi.RMIConnectionImpl.invoke(RMIConnectionImpl.java:827) ~[?:?]
	at jdk.internal.reflect.NativeMethodAccessorImpl.invoke0(Native Method) ~[?:?]
	at jdk.internal.reflect.NativeMethodAccessorImpl.invoke(NativeMethodAccessorImpl.java:62) ~[?:?]
	at jdk.internal.reflect.DelegatingMethodAccessorImpl.invoke(DelegatingMethodAccessorImpl.java:43) ~[?:?]
	at java.lang.reflect.Method.invoke(Method.java:566) ~[?:?]
	at sun.rmi.server.UnicastServerRef.dispatch(UnicastServerRef.java:359) ~[?:?]
	at sun.rmi.transport.Transport$1.run(Transport.java:200) ~[?:?]
	at sun.rmi.transport.Transport$1.run(Transport.java:197) ~[?:?]
	at java.security.AccessController.doPrivileged(Native Method) ~[?:?]
	at sun.rmi.transport.Transport.serviceCall(Transport.java:196) ~[?:?]
	at sun.rmi.transport.tcp.TCPTransport.handleMessages(TCPTransport.java:562) ~[?:?]
	at sun.rmi.transport.tcp.TCPTransport$ConnectionHandler.run0(TCPTransport.java:796) ~[?:?]
	at sun.rmi.transport.tcp.TCPTransport$ConnectionHandler.lambda$run$0(TCPTransport.java:677) ~[?:?]
	at java.security.AccessController.doPrivileged(Native Method) ~[?:?]
	at sun.rmi.transport.tcp.TCPTransport$ConnectionHandler.run(TCPTransport.java:676) [?:?]
	at java.util.concurrent.ThreadPoolExecutor.runWorker(ThreadPoolExecutor.java:1128) [?:?]
	at java.util.concurrent.ThreadPoolExecutor$Worker.run(ThreadPoolExecutor.java:628) [?:?]
	at java.lang.Thread.run(Thread.java:834) [?:?]
Caused by: freemarker.core.Configurable$SettingValueAssignmentException: Failed to set FreeMarker configuration setting "tag_syntax" to value "auto_detect##如果变量为null,转化为空字符串,比如做比较的时候按照空字符做比较"; see cause exception.
	at freemarker.core.Configurable.settingValueAssignmentException(Configurable.java:2829) ~[freemarker-2.3.28.jar:2.3.28]
	at freemarker.template.Configuration.setSetting(Configuration.java:3387) ~[freemarker-2.3.28.jar:2.3.28]
	at freemarker.core.Configurable.setSettings(Configurable.java:2879) ~[freemarker-2.3.28.jar:2.3.28]
	at org.springframework.ui.freemarker.FreeMarkerConfigurationFactory.createConfiguration(FreeMarkerConfigurationFactory.java:276) ~[spring-context-support-5.2.12.RELEASE.jar:5.2.12.RELEASE]
	at org.springframework.web.servlet.view.freemarker.FreeMarkerConfigurer.afterPropertiesSet(FreeMarkerConfigurer.java:120) ~[spring-webmvc-5.2.12.RELEASE.jar:5.2.12.RELEASE]
	at org.springframework.beans.factory.support.AbstractAutowireCapableBeanFactory.invokeInitMethods(AbstractAutowireCapableBeanFactory.java:1853) ~[spring-beans-5.2.12.RELEASE.jar:5.2.12.RELEASE]
	at org.springframework.beans.factory.support.AbstractAutowireCapableBeanFactory.initializeBean(AbstractAutowireCapableBeanFactory.java:1790) ~[spring-beans-5.2.12.RELEASE.jar:5.2.12.RELEASE]
	... 65 more
Caused by: freemarker.core._MiscTemplateException: Invalid value for setting "tag_syntax": "auto_detect##如果变量为null,转化为空字符串,比如做比较的时候按照空字符做比较"
	at freemarker.core.Configurable.invalidSettingValueException(Configurable.java:2833) ~[freemarker-2.3.28.jar:2.3.28]
	at freemarker.template.Configuration.setSetting(Configuration.java:3319) ~[freemarker-2.3.28.jar:2.3.28]
	at freemarker.core.Configurable.setSettings(Configurable.java:2879) ~[freemarker-2.3.28.jar:2.3.28]
	at org.springframework.ui.freemarker.FreeMarkerConfigurationFactory.createConfiguration(FreeMarkerConfigurationFactory.java:276) ~[spring-context-support-5.2.12.RELEASE.jar:5.2.12.RELEASE]
	at org.springframework.web.servlet.view.freemarker.FreeMarkerConfigurer.afterPropertiesSet(FreeMarkerConfigurer.java:120) ~[spring-webmvc-5.2.12.RELEASE.jar:5.2.12.RELEASE]
	at org.springframework.beans.factory.support.AbstractAutowireCapableBeanFactory.invokeInitMethods(AbstractAutowireCapableBeanFactory.java:1853) ~[spring-beans-5.2.12.RELEASE.jar:5.2.12.RELEASE]
	at org.springframework.beans.factory.support.AbstractAutowireCapableBeanFactory.initializeBean(AbstractAutowireCapableBeanFactory.java:1790) ~[spring-beans-5.2.12.RELEASE.jar:5.2.12.RELEASE]
	... 65 more
2021-04-17 23:00:18.335 [RMI TCP Connection(2)-127.0.0.1] INFO  org.springframework.web.context.ContextLoader(271) - Root WebApplicationContext: initialization started
2021-04-17 23:00:19.061 [RMI TCP Connection(2)-127.0.0.1] INFO  org.springframework.web.context.ContextLoader(307) - Root WebApplicationContext initialized in 716 ms
2021-04-17 23:00:19.142 [RMI TCP Connection(2)-127.0.0.1] INFO  org.springframework.web.servlet.DispatcherServlet(525) - Initializing Servlet 'dispatcherServlet'
2021-04-17 23:00:20.398 [RMI TCP Connection(2)-127.0.0.1] INFO  org.springframework.web.servlet.DispatcherServlet(547) - Completed initialization in 1255 ms
2021-04-17 23:06:48.106 [RMI TCP Connection(2)-127.0.0.1] INFO  org.springframework.web.context.ContextLoader(271) - Root WebApplicationContext: initialization started
2021-04-17 23:06:48.654 [RMI TCP Connection(2)-127.0.0.1] INFO  org.springframework.web.context.ContextLoader(307) - Root WebApplicationContext initialized in 537 ms
2021-04-17 23:06:48.737 [RMI TCP Connection(2)-127.0.0.1] INFO  org.springframework.web.servlet.DispatcherServlet(525) - Initializing Servlet 'dispatcherServlet'
2021-04-17 23:06:49.531 [RMI TCP Connection(2)-127.0.0.1] INFO  org.springframework.web.servlet.DispatcherServlet(547) - Completed initialization in 794 ms
2021-04-17 23:07:07.579 [http-nio-8080-exec-4] WARN  org.springframework.web.servlet.PageNotFound(1251) - No mapping for GET /hello
2021-04-17 23:09:22.609 [RMI TCP Connection(2)-127.0.0.1] INFO  org.springframework.web.context.ContextLoader(271) - Root WebApplicationContext: initialization started
2021-04-17 23:09:23.109 [RMI TCP Connection(2)-127.0.0.1] INFO  org.springframework.web.context.ContextLoader(307) - Root WebApplicationContext initialized in 490 ms
2021-04-17 23:09:23.189 [RMI TCP Connection(2)-127.0.0.1] INFO  org.springframework.web.servlet.DispatcherServlet(525) - Initializing Servlet 'dispatcherServlet'
2021-04-17 23:09:24.101 [RMI TCP Connection(2)-127.0.0.1] INFO  org.springframework.web.servlet.DispatcherServlet(547) - Completed initialization in 912 ms
2021-04-17 23:56:49.162 [main] INFO  org.springframework.test.context.support.DefaultTestContextBootstrapper(248) - Loaded default TestExecutionListener class names from location [META-INF/spring.factories]: [org.springframework.test.context.web.ServletTestExecutionListener, org.springframework.test.context.support.DirtiesContextBeforeModesTestExecutionListener, org.springframework.test.context.support.DependencyInjectionTestExecutionListener, org.springframework.test.context.support.DirtiesContextTestExecutionListener, org.springframework.test.context.transaction.TransactionalTestExecutionListener, org.springframework.test.context.jdbc.SqlScriptsTestExecutionListener, org.springframework.test.context.event.EventPublishingTestExecutionListener]
2021-04-17 23:56:49.185 [main] INFO  org.springframework.test.context.support.DefaultTestContextBootstrapper(177) - Using TestExecutionListeners: [org.springframework.test.context.web.ServletTestExecutionListener@ec2cc4, org.springframework.test.context.support.DirtiesContextBeforeModesTestExecutionListener@2a5b3fee, org.springframework.test.context.support.DependencyInjectionTestExecutionListener@7c1e2a2d, org.springframework.test.context.support.DirtiesContextTestExecutionListener@333dd51e, org.springframework.test.context.transaction.TransactionalTestExecutionListener@52d645b1, org.springframework.test.context.jdbc.SqlScriptsTestExecutionListener@2101b44a, org.springframework.test.context.event.EventPublishingTestExecutionListener@2cc3ad05]
